2026-05-08T21:43:22.151128Z	Cloning repository...
2026-05-08T21:43:23.287556Z	From https://github.com/gcameron00/site-builder
2026-05-08T21:43:23.287944Z	 * branch            d4601aeb62dd7b9825a8fc0c7a716958e8a31885 -> FETCH_HEAD
2026-05-08T21:43:23.288096Z	
2026-05-08T21:43:23.314444Z	HEAD is now at d4601ae site
2026-05-08T21:43:23.31483Z	
2026-05-08T21:43:23.359007Z	
2026-05-08T21:43:23.359413Z	Using v2 root directory strategy
2026-05-08T21:43:23.372396Z	Success: Finished cloning repository files
2026-05-08T21:43:24.859951Z	Checking for configuration in a Wrangler configuration file (BETA)
2026-05-08T21:43:24.860421Z	
2026-05-08T21:43:24.860696Z	Found wrangler.toml file. Reading build configuration...
2026-05-08T21:43:25.953443Z	A Wrangler configuration file was found but it does not appear to be valid. Did you mean to use wrangler.toml to configure Pages? If so, then make sure the file is valid and contains the `pages_build_output_dir` property. Skipping file and continuing.
2026-05-08T21:43:25.954635Z	No build command specified. Skipping build step.
2026-05-08T21:43:25.955203Z	Found Functions directory at /functions. Uploading.
2026-05-08T21:43:25.96005Z	 ⛅️ wrangler 3.101.0
2026-05-08T21:43:25.960174Z	-------------------
2026-05-08T21:43:26.948233Z	[31m✘ [41;31m[[41;97mERROR[41;31m][0m [1mBuild failed with 1 error:[0m
2026-05-08T21:43:26.949171Z	
2026-05-08T21:43:26.950313Z	  [31m✘ [41;31m[[41;97mERROR[41;31m][0m [1mCould not resolve "tweetsodium"[0m
2026-05-08T21:43:26.950418Z	  
2026-05-08T21:43:26.950498Z	      api/create.js:1:24:
2026-05-08T21:43:26.95057Z	  [37m      1 │ import * as sodium from [32m'tweetsodium'[37m;
2026-05-08T21:43:26.950641Z	          ╵                         [32m~~~~~~~~~~~~~[0m
2026-05-08T21:43:26.950706Z	  
2026-05-08T21:43:26.950768Z	    You can mark the path "tweetsodium" as external to exclude it from the bundle, which will remove this error.
2026-05-08T21:43:26.950829Z	  
2026-05-08T21:43:26.950887Z	  
2026-05-08T21:43:26.95094Z	
2026-05-08T21:43:26.951027Z	
2026-05-08T21:43:26.951126Z	
2026-05-08T21:43:26.952633Z	[31m✘ [41;31m[[41;97mERROR[41;31m][0m [1mBuild failed with 1 error:[0m
2026-05-08T21:43:26.952888Z	
2026-05-08T21:43:26.956936Z	  [31m✘ [41;31m[[41;97mERROR[41;31m][0m [1mCould not resolve "tweetsodium"[0m
2026-05-08T21:43:26.957183Z	  
2026-05-08T21:43:26.957259Z	      api/create.js:1:24:
2026-05-08T21:43:26.95735Z	  [37m      1 │ import * as sodium from [32m'tweetsodium'[37m;
2026-05-08T21:43:26.957408Z	          ╵                         [32m~~~~~~~~~~~~~[0m
2026-05-08T21:43:26.957462Z	  
2026-05-08T21:43:26.957524Z	    You can mark the path "tweetsodium" as external to exclude it from the bundle, which will remove this error.
2026-05-08T21:43:26.957563Z	  
2026-05-08T21:43:26.957594Z	  
2026-05-08T21:43:26.957626Z	
2026-05-08T21:43:26.957661Z	
2026-05-08T21:43:26.96349Z	🪵  Logs were written to "/root/.config/.wrangler/logs/wrangler-2026-05-08_21-43-26_519.log"
2026-05-08T21:43:27.056729Z	Failed building Pages Functions.
2026-05-08T21:43:27.73938Z	Failed: generating Pages Functions failed. Check the logs above for more information. If this continues for an unknown reason, contact support: https://cfl.re/3WgEyrH